<?xml version="1.0" encoding="UTF-8"?>
<!-- Generated by org.testng.reporters.JUnitReportReporter -->
<testsuite hostname="DESKTOP-19C55OA" failures="0" tests="2" name="assertions.Assertions" time="13.579" errors="0" timestamp="2024-02-22T22:27:36 IST" skipped="0">
  <testcase classname="assertions.Assertions" name="softAssert" time="7.250"/>
  <system-out/>
  <testcase classname="assertions.Assertions" name="hardAssert" time="6.329"/>
  <system-out/>
</testsuite> <!-- assertions.Assertions -->
