<?xml version="1.0" encoding="UTF-8"?>
<!-- Generated by org.testng.reporters.JUnitReportReporter -->
<testsuite hostname="DESKTOP-19C55OA" failures="0" tests="1" name="screenshot_testing.TestScript" time="11.969" errors="0" timestamp="2024-03-13T18:09:47 IST" skipped="0">
  <testcase classname="screenshot_testing.TestScript" name="testcase01" time="11.969"/>
  <system-out/>
</testsuite> <!-- screenshot_testing.TestScript -->
