<?xml version="1.0" encoding="UTF-8"?>
<!-- Generated by org.testng.reporters.JUnitReportReporter -->
<testsuite hostname="DESKTOP-19C55OA" failures="0" tests="1" name="learntestng.Implementation" time="9.131" errors="0" timestamp="2024-02-09T16:45:49 IST" skipped="0">
  <testcase classname="learntestng.Implementation" name="loginToVtiger" time="9.131"/>
  <system-out/>
</testsuite> <!-- learntestng.Implementation -->
