<?xml version="1.0" encoding="UTF-8"?>
<!-- Generated by org.testng.reporters.JUnitReportReporter -->
<testsuite hostname="DESKTOP-19C55OA" failures="0" tests="3" name="testNgAdvanceAnnoatation.DataProvider1Acess" time="0.033" errors="0" timestamp="2024-04-19T23:50:06 IST" skipped="0">
  <testcase classname="testNgAdvanceAnnoatation.DataProvider1Acess" name="acceptTheData" time="0.019"/>
  <system-out/>
  <testcase classname="testNgAdvanceAnnoatation.DataProvider1Acess" name="acceptTheData" time="0.004"/>
  <system-out/>
  <testcase classname="testNgAdvanceAnnoatation.DataProvider1Acess" name="acceptTheData" time="0.010"/>
  <system-out/>
</testsuite> <!-- testNgAdvanceAnnoatation.DataProvider1Acess -->
