<?xml version="1.0" encoding="UTF-8"?>
<!-- Generated by org.testng.reporters.JUnitReportReporter -->
<testsuite hostname="DESKTOP-19C55OA" failures="0" tests="1" name="Popups.HandlingPopups" time="8.657" errors="0" timestamp="2024-04-19T23:42:06 IST" skipped="0">
  <testcase classname="Popups.HandlingPopups" name="alert" time="8.657"/>
  <system-out/>
</testsuite> <!-- Popups.HandlingPopups -->
