<?xml version="1.0" encoding="UTF-8"?>
<!-- Generated by org.testng.reporters.JUnitReportReporter -->
<testsuite hostname="DESKTOP-19C55OA" failures="0" tests="1" name="com.qsp.trello.oneendtoend.TrelloCreateBoard" time="18.176" errors="0" timestamp="2024-02-21T00:46:55 IST" skipped="0">
  <testcase classname="com.qsp.trello.oneendtoend.TrelloCreateBoard" name="checkWhetherTheEndUserIsAbleToCreateBoard" time="18.176"/>
  <system-out/>
</testsuite> <!-- com.qsp.trello.oneendtoend.TrelloCreateBoard -->
