<?xml version="1.0" encoding="UTF-8"?>
<!-- Generated by org.testng.reporters.JUnitReportReporter -->
<testsuite hostname="DESKTOP-19C55OA" failures="0" tests="1" name="learntestng.Group02" time="0.004" errors="0" timestamp="2024-02-09T19:58:31 IST" skipped="0">
  <testcase classname="learntestng.Group02" name="createNewAccount" time="0.004"/>
  <system-out/>
</testsuite> <!-- learntestng.Group02 -->
