<?xml version="1.0" encoding="UTF-8"?>
<!-- Generated by org.testng.reporters.JUnitReportReporter -->
<testsuite hostname="DESKTOP-19C55OA" failures="0" tests="1" name="com.qsp.trello.oneendtoend.TrelloDataFromExcelCreateBoard" time="10.856" errors="0" timestamp="2024-03-23T13:05:20 IST" skipped="0">
  <testcase classname="com.qsp.trello.oneendtoend.TrelloDataFromExcelCreateBoard" name="checkWhetherTheEndUserIsAbleToCreateBoard" time="10.856"/>
  <system-out/>
</testsuite> <!-- com.qsp.trello.oneendtoend.TrelloDataFromExcelCreateBoard -->
