<?xml version="1.0" encoding="UTF-8"?>
<!-- Generated by org.testng.reporters.JUnitReportReporter -->
<testsuite hostname="DESKTOP-19C55OA" failures="0" tests="4" name="testNgAdvanceAnnoatation.DataProviderExample" time="0.022" errors="0" timestamp="2024-03-13T15:49:50 IST" skipped="0">
  <testcase classname="testNgAdvanceAnnoatation.DataProviderExample" name="script" time="0.013"/>
  <system-out/>
  <testcase classname="testNgAdvanceAnnoatation.DataProviderExample" name="script" time="0.003"/>
  <system-out/>
  <testcase classname="testNgAdvanceAnnoatation.DataProviderExample" name="script" time="0.003"/>
  <system-out/>
  <testcase classname="testNgAdvanceAnnoatation.DataProviderExample" name="script" time="0.003"/>
  <system-out/>
</testsuite> <!-- testNgAdvanceAnnoatation.DataProviderExample -->
