<?xml version="1.0" encoding="UTF-8"?>
<!-- Generated by org.testng.reporters.JUnitReportReporter -->
<testsuite hostname="DESKTOP-19C55OA" failures="0" tests="3" name="learntestng.Group03" time="0.005" errors="0" timestamp="2024-02-09T19:58:31 IST" skipped="0">
  <testcase classname="learntestng.Group03" name="product" time="0.002"/>
  <system-out/>
  <testcase classname="learntestng.Group03" name="signUp" time="0.002"/>
  <system-out/>
  <testcase classname="learntestng.Group03" name="payment" time="0.001"/>
  <system-out/>
</testsuite> <!-- learntestng.Group03 -->
