<?xml version="1.0" encoding="UTF-8"?>
<!-- Generated by org.testng.reporters.JUnitReportReporter -->
<testsuite hostname="DESKTOP-19C55OA" failures="0" tests="9" name="learntestng.AnnotationsAndArgument" time="0.030" errors="0" timestamp="2024-02-09T16:44:41 IST" skipped="0">
  <testcase classname="learntestng.AnnotationsAndArgument" name="login" time="0.013"/>
  <system-out/>
  <testcase classname="learntestng.AnnotationsAndArgument" name="home" time="0.003"/>
  <system-out/>
  <testcase classname="learntestng.AnnotationsAndArgument" name="product" time="0.002"/>
  <system-out/>
  <testcase classname="learntestng.AnnotationsAndArgument" name="addToCart" time="0.001"/>
  <system-out/>
  <testcase classname="learntestng.AnnotationsAndArgument" name="payment" time="0.002"/>
  <system-out/>
  <testcase classname="learntestng.AnnotationsAndArgument" name="logout" time="0.002"/>
  <system-out/>
  <testcase classname="learntestng.AnnotationsAndArgument" name="logout" time="0.003"/>
  <system-out/>
  <testcase classname="learntestng.AnnotationsAndArgument" name="logout" time="0.001"/>
  <system-out/>
  <testcase classname="learntestng.AnnotationsAndArgument" name="logout" time="0.003"/>
  <system-out/>
</testsuite> <!-- learntestng.AnnotationsAndArgument -->
