<?xml version="1.0" encoding="UTF-8"?>
<!-- Generated by org.testng.reporters.JUnitReportReporter -->
<testsuite hostname="DESKTOP-19C55OA" failures="0" tests="1" name="check.Demo" time="22.968" errors="0" timestamp="2024-02-19T11:27:11 IST" skipped="0">
  <testcase classname="check.Demo" name="checkBaseClass" time="22.968"/>
  <system-out/>
</testsuite> <!-- check.Demo -->
