<?xml version="1.0" encoding="UTF-8"?>
<!-- Generated by org.testng.reporters.JUnitReportReporter -->
<testsuite hostname="DESKTOP-19C55OA" failures="0" tests="1" name="check.Scrolling" time="9.189" errors="0" timestamp="2024-02-22T22:13:09 IST" skipped="0">
  <testcase classname="check.Scrolling" name="scrollByUsingJSE" time="9.189"/>
  <system-out/>
</testsuite> <!-- check.Scrolling -->
