<?xml version="1.0" encoding="UTF-8"?>
<!-- Generated by org.testng.reporters.JUnitReportReporter -->
<testsuite hostname="DESKTOP-19C55OA" failures="0" tests="1" name="com.qsp.trello.oneendtoend.CreateAndDeleteBoard" time="15.979" errors="0" timestamp="2024-02-20T12:15:52 IST" skipped="0">
  <testcase classname="com.qsp.trello.oneendtoend.CreateAndDeleteBoard" name="checkWhetherTheEndUserIsAbleToCreateAndDeleteTheBoard" time="15.979"/>
  <system-out/>
</testsuite> <!-- com.qsp.trello.oneendtoend.CreateAndDeleteBoard -->
