<?xml version="1.0" encoding="UTF-8"?>
<!-- Generated by org.testng.reporters.JUnitReportReporter -->
<testsuite hostname="DESKTOP-19C55OA" failures="0" tests="3" name="learntestng.Group01" time="0.020" errors="0" timestamp="2024-02-09T19:58:31 IST" skipped="0">
  <testcase classname="learntestng.Group01" name="login" time="0.016"/>
  <system-out/>
  <testcase classname="learntestng.Group01" name="profile" time="0.002"/>
  <system-out/>
  <testcase classname="learntestng.Group01" name="logout" time="0.002"/>
  <system-out/>
</testsuite> <!-- learntestng.Group01 -->
