<?xml version="1.0" encoding="UTF-8"?>
<!-- Generated by org.testng.reporters.JUnitReportReporter -->
<testsuite hostname="DESKTOP-19C55OA" failures="0" tests="4" name="testNgAdvanceAnnoatation.DataProviderToAccess" time="0.022" errors="0" timestamp="2024-03-13T15:47:44 IST" skipped="0">
  <testcase classname="testNgAdvanceAnnoatation.DataProviderToAccess" name="script" time="0.012"/>
  <system-out/>
  <testcase classname="testNgAdvanceAnnoatation.DataProviderToAccess" name="script" time="0.003"/>
  <system-out/>
  <testcase classname="testNgAdvanceAnnoatation.DataProviderToAccess" name="script" time="0.005"/>
  <system-out/>
  <testcase classname="testNgAdvanceAnnoatation.DataProviderToAccess" name="script" time="0.002"/>
  <system-out/>
</testsuite> <!-- testNgAdvanceAnnoatation.DataProviderToAccess -->
